01-Oct-2019 17:15:09 [INFO] (InitTest.java:46) - io.gupshup.auto.chatapp.custom.CustomKeywordUtils will be used for Custom Keywords
01-Oct-2019 17:15:09 [INFO] (InitTest.java:57) - io.gupshup.auto.chatapp.custom.APIPlaceHolderImplementation will be used for Custom PlaceHolder
01-Oct-2019 17:15:09 [INFO] (TestCaseBOLib.java:71) - Loading Test Script 'ChatApp' from file '/home/mandar/gitrepo/engg-offsite/chatapp-api-automation/target/classes/TestScripts.xls
01-Oct-2019 17:15:09 [INFO] (ExcelOps.java:99) - Null value | Row Index : 2 | Column Index : 7
01-Oct-2019 17:15:09 [INFO] (ExcelOps.java:99) - Null value | Row Index : 3 | Column Index : 9
01-Oct-2019 17:15:09 [INFO] (ExcelOps.java:99) - Null value | Row Index : 4 | Column Index : 9
01-Oct-2019 17:15:09 [INFO] (ExcelOps.java:99) - Null value | Row Index : 5 | Column Index : 7
01-Oct-2019 17:15:09 [INFO] (ExcelOps.java:99) - Null value | Row Index : 6 | Column Index : 9
01-Oct-2019 17:15:09 [INFO] (ExcelOps.java:99) - Null value | Row Index : 7 | Column Index : 8
01-Oct-2019 17:15:09 [INFO] (TestCaseBOLib.java:262) - Loading Test Data 'ChatApp' from file '/home/mandar/gitrepo/engg-offsite/chatapp-api-automation/target/classes/TestData.xls
01-Oct-2019 17:15:09 [INFO] (ExcelOps.java:99) - Null value | Row Index : 2 | Column Index : 8
01-Oct-2019 17:15:09 [INFO] (InitTest.java:126) - Dynamic TestNG execution started
01-Oct-2019 17:15:10 [INFO] (TestNGLogger.java:27) - Suite Name	: 'ChatApp'	Testcase Name	: 'Post-Valid-Message'
01-Oct-2019 17:15:10 [INFO] (TestNGLogger.java:14) - Step : Build PostMessage API
01-Oct-2019 17:15:11 [INFO] (TestNGLogger.java:45) - PostMessage API Response : 'BaseURI:https://xxx.gupshup.io|BasePath:msg|Method:get/post|EndPoint:|ContentType:|QueryParams:{msg=, from=}|Headers:{}|PathParams:{}|FormParams:{}|Multipart:{}|Authentication:null'
01-Oct-2019 17:15:11 [INFO] (TestNGLogger.java:14) - Step : Update message with respect with test case
01-Oct-2019 17:15:11 [INFO] (TestNGLogger.java:14) - Step : Update destination with respect to the test case
01-Oct-2019 17:15:11 [INFO] (TestNGLogger.java:14) - Step : Execute PostMessage
01-Oct-2019 17:15:12 [INFO] (TestNGLogger.java:45) - Executing This Final Request : 'BaseURI:https://xxx.gupshup.io|BasePath:msg|Method:get/post|EndPoint:|ContentType:|QueryParams:{msg=, from=}|Headers:{}|PathParams:{}|FormParams:{}|Multipart:{}|Authentication:null'
01-Oct-2019 17:15:12 [INFO] (GupshupCustomTestListener.java:47) - -------------------------------------------------------
01-Oct-2019 17:15:12 [ERROR] (TestScriptResultLib.java:184) - Skipping as 'ScriptId' column is not present under TestScript.xls
01-Oct-2019 17:15:12 [INFO] (GupshupCustomReportListener.java:125) - Send Report flag is false
01-Oct-2019 17:15:12 [ERROR] (InitTest.java:134) - Exception occured while setting dynamic testNG pattern
java.lang.RuntimeException: Automation marked as failed due to test failures, refer mailed Report.
	at io.gupshup.auto.init.InitTest.initTest(InitTest.java:130)
	at io.gupshup.auto.chatapp.test.Startup.main(Startup.java:21)
	at sun.reflect.NativeMethodAccessorImpl.invoke0(Native Method)
	at sun.reflect.NativeMethodAccessorImpl.invoke(NativeMethodAccessorImpl.java:62)
	at sun.reflect.DelegatingMethodAccessorImpl.invoke(DelegatingMethodAccessorImpl.java:43)
	at java.lang.reflect.Method.invoke(Method.java:498)
	at org.codehaus.mojo.exec.ExecJavaMojo$1.run(ExecJavaMojo.java:297)
	at java.lang.Thread.run(Thread.java:748)
