2019-10-01 16:00:49,297 [Worker-0: Loading available Gradle versions] INFO  o.e.b.c.i.u.g.PublishedGradleVersions - Gradle version information cache is out-of-date. Trying to update.
2019-10-01 16:07:19,817 [Worker-3: Loading available Gradle versions] INFO  o.e.b.c.i.u.g.PublishedGradleVersions - Gradle version information cache is up-to-date. Trying to read.
2019-10-01 16:10:52,822 [Worker-2: Loading available Gradle versions] INFO  o.e.b.c.i.u.g.PublishedGradleVersions - Gradle version information cache is up-to-date. Trying to read.
2019-10-01 16:11:20,690 [Worker-7: Importing Maven projects] INFO  o.e.m.c.i.l.LifecycleMappingFactory - Using org.eclipse.m2e.jdt.JarLifecycleMapping lifecycle mapping for MavenProject: io.gupshup.auto.soip:sampleApp-api-automation:1.0 @ /home/mandar/gitrepo/engg-offsite/sampleApp-api-automation/pom.xml.
2019-10-01 16:11:22,920 [Worker-7: Importing Maven projects] INFO  o.e.m.j.i.AbstractJavaProjectConfigurator - Adding source folder /sampleApp-api-automation/src/main/java
2019-10-01 16:11:22,921 [Worker-7: Importing Maven projects] INFO  o.e.m.j.i.AbstractJavaProjectConfigurator - Adding resource folder /sampleApp-api-automation/src/main/resources
2019-10-01 16:11:22,924 [Worker-7: Importing Maven projects] INFO  o.e.m.j.i.AbstractJavaProjectConfigurator - Adding source folder /sampleApp-api-automation/src/test/java
2019-10-01 16:11:23,315 [Worker-7: Importing Maven projects] INFO  o.e.m.c.i.p.ProjectConfigurationManager - Imported and configured 1 project(s) in 5 sec
2019-10-01 16:11:26,433 [Worker-7: Building workspace] WARN  o.e.m.c.i.embedder.EclipseLogger - Using platform encoding (UTF-8 actually) to copy filtered resources, i.e. build is platform dependent!
2019-10-01 16:11:26,467 [Worker-7: Building workspace] INFO  o.e.m.c.i.embedder.EclipseLogger - Copying 11 resources
2019-10-01 16:11:26,503 [Worker-7: Building workspace] WARN  o.e.m.c.i.embedder.EclipseLogger - Using platform encoding (UTF-8 actually) to copy filtered resources, i.e. build is platform dependent!
2019-10-01 16:11:26,506 [Worker-7: Building workspace] INFO  o.e.m.c.i.embedder.EclipseLogger - skip non existing resourceDirectory /home/mandar/gitrepo/engg-offsite/sampleApp-api-automation/src/test/resources
2019-10-01 16:13:41,706 [Worker-13: Building workspace] WARN  o.e.m.c.i.embedder.EclipseLogger - Using platform encoding (UTF-8 actually) to copy filtered resources, i.e. build is platform dependent!
2019-10-01 16:13:41,712 [Worker-13: Building workspace] INFO  o.e.m.c.i.embedder.EclipseLogger - Copying 11 resources
2019-10-01 16:13:41,722 [Worker-13: Building workspace] WARN  o.e.m.c.i.embedder.EclipseLogger - Using platform encoding (UTF-8 actually) to copy filtered resources, i.e. build is platform dependent!
2019-10-01 16:13:41,723 [Worker-13: Building workspace] INFO  o.e.m.c.i.embedder.EclipseLogger - skip non existing resourceDirectory /home/mandar/gitrepo/engg-offsite/sampleApp-api-automation/src/test/resources
2019-10-01 16:20:29,835 [Worker-17: Importing Maven projects] INFO  o.e.m.c.i.l.LifecycleMappingFactory - Using org.eclipse.m2e.jdt.JarLifecycleMapping lifecycle mapping for MavenProject: io.gupshup.auto.chatapp:chatapp-api-automation:1.0 @ /home/mandar/gitrepo/engg-offsite/chatapp-api-automation/pom.xml.
2019-10-01 16:20:30,797 [Worker-17: Importing Maven projects] INFO  o.e.m.c.i.e.AbstractTransferListenerAdapter - Downloading http://nexus.gupshup.tech/repository/maven-public/io/gupshup/auto/ScriptlessAutomation/0.0.8/ScriptlessAutomation-0.0.8.pom
2019-10-01 16:20:31,075 [Worker-17: Importing Maven projects] INFO  o.e.m.c.i.e.AbstractTransferListenerAdapter - Downloaded http://nexus.gupshup.tech/repository/maven-public/io/gupshup/auto/ScriptlessAutomation/0.0.8/ScriptlessAutomation-0.0.8.pom
2019-10-01 16:20:31,799 [Worker-17: Importing Maven projects] INFO  o.e.m.c.i.e.AbstractTransferListenerAdapter - Downloading http://nexus.gupshup.tech/repository/maven-public/io/gupshup/auto/ScriptlessAutomation/0.0.8/ScriptlessAutomation-0.0.8.jar
2019-10-01 16:20:33,342 [Worker-17: Importing Maven projects] INFO  o.e.m.c.i.e.AbstractTransferListenerAdapter - Downloaded http://nexus.gupshup.tech/repository/maven-public/io/gupshup/auto/ScriptlessAutomation/0.0.8/ScriptlessAutomation-0.0.8.jar
2019-10-01 16:20:33,853 [Worker-17: Importing Maven projects] INFO  o.e.m.j.i.AbstractJavaProjectConfigurator - Adding source folder /chatapp-api-automation/src/main/java
2019-10-01 16:20:33,853 [Worker-17: Importing Maven projects] INFO  o.e.m.j.i.AbstractJavaProjectConfigurator - Adding resource folder /chatapp-api-automation/src/main/resources
2019-10-01 16:20:33,854 [Worker-17: Importing Maven projects] INFO  o.e.m.j.i.AbstractJavaProjectConfigurator - Adding source folder /chatapp-api-automation/src/test/java
2019-10-01 16:20:33,986 [Worker-17: Importing Maven projects] INFO  o.e.m.c.i.p.ProjectConfigurationManager - Imported and configured 1 project(s) in 4 sec
2019-10-01 16:20:34,743 [Worker-8: Building workspace] WARN  o.e.m.c.i.embedder.EclipseLogger - Using platform encoding (UTF-8 actually) to copy filtered resources, i.e. build is platform dependent!
2019-10-01 16:20:34,745 [Worker-8: Building workspace] INFO  o.e.m.c.i.embedder.EclipseLogger - Copying 6 resources
2019-10-01 16:20:34,762 [Worker-8: Building workspace] WARN  o.e.m.c.i.embedder.EclipseLogger - Using platform encoding (UTF-8 actually) to copy filtered resources, i.e. build is platform dependent!
2019-10-01 16:20:34,763 [Worker-8: Building workspace] INFO  o.e.m.c.i.embedder.EclipseLogger - skip non existing resourceDirectory /home/mandar/gitrepo/engg-offsite/chatapp-api-automation/src/test/resources
2019-10-01 16:20:50,857 [Worker-20: Updating Maven Project] INFO  o.e.m.c.i.p.ProjectConfigurationManager - Update started
2019-10-01 16:20:51,671 [Worker-20: Updating Maven Project] INFO  o.e.m.c.i.l.LifecycleMappingFactory - Using org.eclipse.m2e.jdt.JarLifecycleMapping lifecycle mapping for MavenProject: io.gupshup.auto.chatapp:chatapp-api-automation:1.0 @ /home/mandar/gitrepo/engg-offsite/chatapp-api-automation/pom.xml.
2019-10-01 16:20:52,873 [Worker-20: Updating Maven Project] INFO  o.e.m.j.i.AbstractJavaProjectConfigurator - Adding source folder /chatapp-api-automation/src/main/java
2019-10-01 16:20:52,873 [Worker-20: Updating Maven Project] INFO  o.e.m.j.i.AbstractJavaProjectConfigurator - Adding resource folder /chatapp-api-automation/src/main/resources
2019-10-01 16:20:52,874 [Worker-20: Updating Maven Project] INFO  o.e.m.j.i.AbstractJavaProjectConfigurator - Adding source folder /chatapp-api-automation/src/test/java
2019-10-01 16:20:53,150 [Worker-20: Updating Maven Project] INFO  o.e.m.c.i.p.ProjectConfigurationManager - Update completed: 2 sec
2019-10-01 16:20:54,201 [Worker-18: Building workspace] WARN  o.e.m.c.i.embedder.EclipseLogger - Using platform encoding (UTF-8 actually) to copy filtered resources, i.e. build is platform dependent!
2019-10-01 16:20:54,203 [Worker-18: Building workspace] INFO  o.e.m.c.i.embedder.EclipseLogger - Copying 6 resources
2019-10-01 16:20:54,226 [Worker-18: Building workspace] WARN  o.e.m.c.i.embedder.EclipseLogger - Using platform encoding (UTF-8 actually) to copy filtered resources, i.e. build is platform dependent!
2019-10-01 16:20:54,233 [Worker-18: Building workspace] INFO  o.e.m.c.i.embedder.EclipseLogger - skip non existing resourceDirectory /home/mandar/gitrepo/engg-offsite/chatapp-api-automation/src/test/resources
2019-10-01 16:26:27,957 [Worker-17: Building workspace] WARN  o.e.m.c.i.embedder.EclipseLogger - Using platform encoding (UTF-8 actually) to copy filtered resources, i.e. build is platform dependent!
2019-10-01 16:26:27,964 [Worker-17: Building workspace] INFO  o.e.m.c.i.embedder.EclipseLogger - Copying 1 resource
2019-10-01 16:26:27,985 [Worker-17: Building workspace] WARN  o.e.m.c.i.embedder.EclipseLogger - Using platform encoding (UTF-8 actually) to copy filtered resources, i.e. build is platform dependent!
2019-10-01 16:26:27,986 [Worker-17: Building workspace] INFO  o.e.m.c.i.embedder.EclipseLogger - skip non existing resourceDirectory /home/mandar/gitrepo/engg-offsite/chatapp-api-automation/src/test/resources
2019-10-01 16:26:29,078 [Worker-22: Building workspace] WARN  o.e.m.c.i.embedder.EclipseLogger - Using platform encoding (UTF-8 actually) to copy filtered resources, i.e. build is platform dependent!
2019-10-01 16:26:29,079 [Worker-22: Building workspace] INFO  o.e.m.c.i.embedder.EclipseLogger - Copying 2 resources
2019-10-01 16:26:29,086 [Worker-22: Building workspace] WARN  o.e.m.c.i.embedder.EclipseLogger - Using platform encoding (UTF-8 actually) to copy filtered resources, i.e. build is platform dependent!
2019-10-01 16:26:29,087 [Worker-22: Building workspace] INFO  o.e.m.c.i.embedder.EclipseLogger - skip non existing resourceDirectory /home/mandar/gitrepo/engg-offsite/chatapp-api-automation/src/test/resources
2019-10-01 16:29:52,625 [Worker-22: Launching New_configuration] INFO  o.e.m.i.launch.MavenLaunchDelegate - /home/mandar/gitrepo/engg-offsite/chatapp-api-automation
2019-10-01 16:29:52,625 [Worker-22: Launching New_configuration] INFO  o.e.m.i.launch.MavenLaunchDelegate -  mvn -B clean install exec:java -Denv=QA -DchoiceTestCase=true -Dtestcase="sampleAPI1" -DsendReport=false -Demail_list="mandar.vyas@gupshup.io" -DflagSanity=true -Dmanual_test_cases=sampleAPI_ManualTestCasesv1.0.xls -Doutput_file=sampleAPI_AutomationTestCasesv1.xls -Dtake_first_sheet=true -Drelease=1 -Dbuild=1
2019-10-01 16:44:09,868 [Worker-29: Building workspace] WARN  o.e.m.c.i.embedder.EclipseLogger - Using platform encoding (UTF-8 actually) to copy filtered resources, i.e. build is platform dependent!
2019-10-01 16:44:09,869 [Worker-29: Building workspace] INFO  o.e.m.c.i.embedder.EclipseLogger - Copying 1 resource
2019-10-01 16:44:09,893 [Worker-29: Building workspace] WARN  o.e.m.c.i.embedder.EclipseLogger - Using platform encoding (UTF-8 actually) to copy filtered resources, i.e. build is platform dependent!
2019-10-01 16:44:09,894 [Worker-29: Building workspace] INFO  o.e.m.c.i.embedder.EclipseLogger - skip non existing resourceDirectory /home/mandar/gitrepo/engg-offsite/chatapp-api-automation/src/test/resources
2019-10-01 16:44:10,982 [Worker-30: Building workspace] WARN  o.e.m.c.i.embedder.EclipseLogger - Using platform encoding (UTF-8 actually) to copy filtered resources, i.e. build is platform dependent!
2019-10-01 16:44:10,983 [Worker-30: Building workspace] INFO  o.e.m.c.i.embedder.EclipseLogger - Copying 2 resources
2019-10-01 16:44:10,988 [Worker-30: Building workspace] WARN  o.e.m.c.i.embedder.EclipseLogger - Using platform encoding (UTF-8 actually) to copy filtered resources, i.e. build is platform dependent!
2019-10-01 16:44:10,988 [Worker-30: Building workspace] INFO  o.e.m.c.i.embedder.EclipseLogger - skip non existing resourceDirectory /home/mandar/gitrepo/engg-offsite/chatapp-api-automation/src/test/resources
2019-10-01 16:44:53,477 [Worker-29: Launching New_configuration] INFO  o.e.m.i.launch.MavenLaunchDelegate - /home/mandar/gitrepo/engg-offsite/chatapp-api-automation
2019-10-01 16:44:53,478 [Worker-29: Launching New_configuration] INFO  o.e.m.i.launch.MavenLaunchDelegate -  mvn -B clean install exec:java -Denv=QA -DchoiceTestCase=true -Dtestcase="ChatApp" -DsendReport=false -Demail_list="mandar.vyas@gupshup.io" -DflagSanity=true -Dmanual_test_cases=sampleAPI_ManualTestCasesv1.0.xls -Doutput_file=sampleAPI_AutomationTestCasesv1.xls -Dtake_first_sheet=true -Drelease=1 -Dbuild=1
2019-10-01 17:13:21,877 [Worker-37: Launching New_configuration] INFO  o.e.m.i.launch.MavenLaunchDelegate - /home/mandar/gitrepo/engg-offsite/chatapp-api-automation
2019-10-01 17:13:21,877 [Worker-37: Launching New_configuration] INFO  o.e.m.i.launch.MavenLaunchDelegate -  mvn -B clean install exec:java -Denv=QA -DchoiceTestCase=true -Dtestcase="ChatApp" -DsendReport=false -Demail_list="mandar.vyas@gupshup.io" -DflagSanity=true -Dmanual_test_cases=sampleAPI_ManualTestCasesv1.0.xls -Doutput_file=sampleAPI_AutomationTestCasesv1.xls -Dtake_first_sheet=true -Drelease=1 -Dbuild=1
2019-10-01 17:13:44,095 [Worker-39: Building workspace] WARN  o.e.m.c.i.embedder.EclipseLogger - Using platform encoding (UTF-8 actually) to copy filtered resources, i.e. build is platform dependent!
2019-10-01 17:13:44,100 [Worker-39: Building workspace] INFO  o.e.m.c.i.embedder.EclipseLogger - Copying 8 resources
2019-10-01 17:13:44,103 [Worker-39: Building workspace] WARN  o.e.m.c.i.embedder.EclipseLogger - Using platform encoding (UTF-8 actually) to copy filtered resources, i.e. build is platform dependent!
2019-10-01 17:13:44,104 [Worker-39: Building workspace] INFO  o.e.m.c.i.embedder.EclipseLogger - skip non existing resourceDirectory /home/mandar/gitrepo/engg-offsite/chatapp-api-automation/src/test/resources
2019-10-01 17:14:45,780 [Worker-35: Building workspace] INFO  o.e.m.c.i.l.LifecycleMappingFactory - Using org.eclipse.m2e.jdt.JarLifecycleMapping lifecycle mapping for MavenProject: io.gupshup.auto.chatapp:chatapp-api-automation:1.0 @ /home/mandar/gitrepo/engg-offsite/chatapp-api-automation/pom.xml.
2019-10-01 17:14:46,350 [Worker-35: Building workspace] WARN  o.e.m.c.i.embedder.EclipseLogger - Using platform encoding (UTF-8 actually) to copy filtered resources, i.e. build is platform dependent!
2019-10-01 17:14:46,353 [Worker-35: Building workspace] INFO  o.e.m.c.i.embedder.EclipseLogger - Copying 0 resource
2019-10-01 17:14:46,356 [Worker-35: Building workspace] WARN  o.e.m.c.i.embedder.EclipseLogger - Using platform encoding (UTF-8 actually) to copy filtered resources, i.e. build is platform dependent!
2019-10-01 17:14:46,357 [Worker-35: Building workspace] INFO  o.e.m.c.i.embedder.EclipseLogger - skip non existing resourceDirectory /home/mandar/gitrepo/engg-offsite/chatapp-api-automation/src/test/resources
2019-10-01 17:14:48,031 [Worker-39: Building workspace] WARN  o.e.m.c.i.embedder.EclipseLogger - Using platform encoding (UTF-8 actually) to copy filtered resources, i.e. build is platform dependent!
2019-10-01 17:14:48,034 [Worker-39: Building workspace] INFO  o.e.m.c.i.embedder.EclipseLogger - Copying 8 resources
2019-10-01 17:14:48,050 [Worker-39: Building workspace] WARN  o.e.m.c.i.embedder.EclipseLogger - Using platform encoding (UTF-8 actually) to copy filtered resources, i.e. build is platform dependent!
2019-10-01 17:14:48,051 [Worker-39: Building workspace] INFO  o.e.m.c.i.embedder.EclipseLogger - skip non existing resourceDirectory /home/mandar/gitrepo/engg-offsite/chatapp-api-automation/src/test/resources
2019-10-01 17:15:03,098 [Worker-35: Launching New_configuration] INFO  o.e.m.i.launch.MavenLaunchDelegate - /home/mandar/gitrepo/engg-offsite/chatapp-api-automation
2019-10-01 17:15:03,099 [Worker-35: Launching New_configuration] INFO  o.e.m.i.launch.MavenLaunchDelegate -  mvn -B clean install exec:java -Denv=QA -DchoiceTestCase=true -Dtestcase="ChatApp" -DsendReport=false -Demail_list="mandar.vyas@gupshup.io" -DflagSanity=true -Dmanual_test_cases=sampleAPI_ManualTestCasesv1.0.xls -Doutput_file=sampleAPI_AutomationTestCasesv1.xls -Dtake_first_sheet=true -Drelease=1 -Dbuild=1
